Launching defaultServer (Open Liberty 22.0.0.6/wlp-1.0.65.cl220620220523-1607) on Eclipse OpenJ9 VM, version 11.0.16-internal+0-adhoc..BuildJDK11x86-64linuxPersonal (en_CA)
semerufips: FIPS mode detected, loading properties
semerufips: Removing provider: security.provider.12=SunPKCS11
semerufips: Removing provider: security.provider.11=JdkSASL
semerufips: Removing provider: security.provider.10=JdkLDAP
semerufips: Removing provider: security.provider.7=SunSASL
semerufips: Removing provider: security.provider.8=XMLDSig
semerufips: Removing provider: security.provider.9=SunPCSC
semerufips: Removing provider: security.provider.1=SUN
semerufips: Removing provider: security.provider.2=SunRsaSign
semerufips: Removing provider: security.provider.3=SunEC
semerufips: Removing provider: security.provider.4=SunJSSE
semerufips: Removing provider: security.provider.5=SunJCE
semerufips: Removing provider: security.provider.6=SunJGSS
semerufips: FIPS mode properties loaded
semerufips: {jdk.jar.disabledAlgorithms=MD2, MD5, RSA keySize < 1024, DSA keySize < 1024, include jdk.disabled.namedCurves, policy.provider=sun.security.provider.PolicyFile, policy.url.1=file:${java.home}/conf/security/java.policy, jdk.security.legacyAlgorithms=SHA1, RSA keySize < 2048, DSA keySize < 2048, securerandom.source=file:/dev/random, policy.url.2=file:${user.home}/.java.policy, jdk.disabled.namedCurves=secp112r1, secp112r2, secp128r1, secp128r2, secp160k1, secp160r1, secp160r2, secp192k1, secp192r1, secp224k1, secp224r1, secp256k1, sect113r1, sect113r2, sect131r1, sect131r2, sect163k1, sect163r1, sect163r2, sect193r1, sect193r2, sect233k1, sect233r1, sect239k1, sect283k1, sect283r1, sect409k1, sect409r1, sect571k1, sect571r1, X9.62 c2tnb191v1, X9.62 c2tnb191v2, X9.62 c2tnb191v3, X9.62 c2tnb239v1, X9.62 c2tnb239v2, X9.62 c2tnb239v3, X9.62 c2tnb359v1, X9.62 c2tnb431r1, X9.62 prime192v2, X9.62 prime192v3, X9.62 prime239v1, X9.62 prime239v2, X9.62 prime239v3, brainpoolP256r1, brainpoolP320r1, brainpoolP384r1, brainpoolP512r1, crypto.policy=unlimited, jdk.certpath.disabledAlgorithms=MD2, MD5, SHA1 jdkCA & usage TLSServer, RSA keySize < 1024, DSA keySize < 1024, EC keySize < 224, include jdk.disabled.namedCurves, jceks.key.serialFilter=java.base/java.lang.Enum;java.base/java.security.KeyRep;java.base/java.security.KeyRep$Type;java.base/javax.crypto.spec.SecretKeySpec;!*, jdk.tls.disabledAlgorithms=SSLv3, TLSv1, TLSv1.1, RC4, DES, MD5withRSA, DH keySize < 1024, EC keySize < 224, 3DES_EDE_CBC, anon, NULL, include jdk.disabled.namedCurves, X25519, X448, SSLv3, TLSv1, TLSv1.1, TLS_CHACHA20_POLY1305_SHA256, TLS_DHE_RSA_WITH_AES_256_GCM_SHA384, TLS_DHE_DSS_WITH_AES_256_GCM_SHA384, TLS_DHE_RSA_WITH_AES_128_GCM_SHA256, TLS_DHE_DSS_WITH_AES_128_GCM_SHA256, TLS_DHE_RSA_WITH_AES_256_CBC_SHA256, TLS_DHE_DSS_WITH_AES_256_CBC_SHA256, TLS_DHE_RSA_WITH_AES_128_CBC_SHA256, TLS_DHE_DSS_WITH_AES_128_CBC_SHA256, TLS_DHE_RSA_WITH_AES_256_CBC_SHA, TLS_DHE_DSS_WITH_AES_256_CBC_SHA, TLS_DHE_RSA_WITH_AES_128_CBC_SHA, TLS_DHE_DSS_WITH_AES_128_CBC_SHA, TLS_RSA_WITH_AES_256_GCM_SHA384, TLS_RSA_WITH_AES_128_GCM_SHA256, TLS_RSA_WITH_AES_256_CBC_SHA256, TLS_RSA_WITH_AES_128_CBC_SHA256, TLS_RSA_WITH_AES_256_CBC_SHA, TLS_RSA_WITH_AES_128_CBC_SHA, TLS_AES_256_GCM_SHA384, TLS_AES_128_GCM_SHA256, TLS_ECDHE_ECDSA_WITH_AES_256_GCM_SHA384, TLS_ECDHE_RSA_WITH_AES_256_GCM_SHA384, TLS_ECDHE_ECDSA_WITH_AES_128_GCM_SHA256, TLS_ECDHE_RSA_WITH_AES_128_GCM_SHA256, TLS_ECDH_ECDSA_WITH_AES_256_GCM_SHA384, TLS_ECDH_RSA_WITH_AES_256_GCM_SHA384, TLS_ECDH_ECDSA_WITH_AES_128_GCM_SHA256, TLS_ECDH_RSA_WITH_AES_128_GCM_SHA256, TLS_ECDHE_ECDSA_WITH_CHACHA20_POLY1305_SHA256, TLS_ECDHE_RSA_WITH_CHACHA20_POLY1305_SHA256, TLS_DHE_RSA_WITH_CHACHA20_POLY1305_SHA256, TLS_EMPTY_RENEGOTIATION_INFO_SCSV, policy.ignoreIdentityScope=false, login.configuration.provider=sun.security.provider.ConfigFile, keystore.type.compat=true, security.overridePropertiesFile=true, jdk.tls.legacyAlgorithms=K_NULL, C_NULL, M_NULL, DH_anon, ECDH_anon, RC4_128, RC4_40, DES_CBC, DES40_CBC, 3DES_EDE_CBC, jdk.sasl.disabledMechanisms=, jdk.security.caDistrustPolicies=SYMANTEC_TLS, sun.security.krb5.maxReferrals=5, jdk.tls.keyLimits=AES/GCM/NoPadding KeyUpdate 2^37, security.provider.1=SunPKCS11 ${java.home}/conf/security/nss.fips.cfg, security.provider.2=SUN, security.provider.3=SunEC, networkaddress.cache.negative.ttl=10, jdk.tls.alpnCharset=ISO_8859_1, security.provider.4=SunJSSE, ssl.KeyManagerFactory.algorithm=SunX509, jdk.xml.dsig.secureValidationPolicy=disallowAlg http://www.w3.org/TR/1999/REC-xslt-19991116,disallowAlg http://www.w3.org/2001/04/xmldsig-more#rsa-md5,disallowAlg http://www.w3.org/2001/04/xmldsig-more#hmac-md5,disallowAlg http://www.w3.org/2001/04/xmldsig-more#md5,maxTransforms 5,maxReferences 30,disallowReferenceUriSchemes file http https,minKeySize RSA 1024,minKeySize DSA 1024,minKeySize EC 224,noDuplicateIds,noRetrievalMethodLoops, securerandom.drbg.config=, sun.security.krb5.disableReferrals=false, ssl.TrustManagerFactory.algorithm=PKIX, keystore.type=PKCS11, policy.allowSystemProperty=true, jdk.io.permissionsUseCanonicalPath=false, securerandom.strongAlgorithms=NativePRNGBlocking:SUN,DRBG:SUN, policy.expandProperties=true, package.access=sun.misc.,sun.reflect., package.definition=sun.misc.,sun.reflect., krb5.kdc.bad.policy=tryLast}
[AUDIT   ] CWWKE0001I: The server defaultServer has been launched.
[AUDIT   ] CWWKZ0058I: Monitoring dropins for applications.
[AUDIT   ] CWPKI0820A: The default keystore has been created using the 'keystore_password' environment variable.
[ERROR   ] CWPKI0033E: The keystore located at /root/tao/daytrader7-fips-env-setup/sample.daytrader7/daytrader-ee7/target/liberty/wlp/usr/servers/defaultServer/resources/security/key.p12 did not load because of the following error: parseAlgParameters failed: PBES2 AlgorithmParameters not available
[WARNING ] CWPKI0809W: There is a failure loading the defaultKeyStore keystore. If an SSL configuration references the defaultKeyStore keystore, then the SSL configuration will fail to initialize.  
[AUDIT   ] CWWKI0001I: The CORBA name server is now available at corbaloc:iiop:localhost:2809/NameService.
[EL Info]: server: 2022-06-09 13:03:30.019--Detected server platform: org.eclipse.persistence.platform.server.was.WebSphere_Liberty_Platform.
[AUDIT   ] CWWKT0016I: Web application available (default_host): http://9.30.35.158:9082/daytrader/
[ERROR   ] An error occured while initializing MyFaces: null
java.lang.NullPointerException
Settings from daytrader.properties: {runtimeMode=0, maxUsers=15000, orderProcessingMode=0, cacheSize=100000, displayOrderAlerts=true, maxQuotes=10000, percentSentToWebsocket=10, longRun=true, actionTrace=false, publishQuotePriceChange=true, marketSummaryInterval=20, trace=false, primIterations=1, cachingType=1, webInterface=0, useRemoteEJBInterface=false}
[AUDIT   ] CWWKZ0001I: Application daytrader7 started in 25.148 seconds.
[AUDIT   ] CWWKF0012I: The server installed the following features: [beanValidation-1.1, cdi-1.2, concurrent-1.0, ejb-3.2, ejbHome-3.2, ejbLite-3.2, ejbPersistentTimer-3.2, ejbRemote-3.2, el-3.0, jca-1.7, jdbc-4.1, jndi-1.0, jpa-2.1, jpaContainer-2.1, jsf-2.2, jsonp-1.0, jsp-2.3, localConnector-1.0, mdb-3.2, servlet-3.1, ssl-1.0, transportSecurity-1.0, wasJmsClient-2.0, wasJmsServer-1.0, websocket-1.1].
[AUDIT   ] CWWKF0011I: The defaultServer server is ready to run a smarter planet. The defaultServer server started in 48.462 seconds.
[AUDIT   ] CWWKE0055I: Server shutdown requested on Thursday, June 9, 2022 at 1:04 p.m.. The server defaultServer is shutting down.
[AUDIT   ] CWWKE1100I: Waiting for up to 30 seconds for the server to quiesce.
[AUDIT   ] CWWKT0017I: Web application removed (default_host): http://9.30.35.158:9082/daytrader/
[AUDIT   ] CWWKZ0009I: The application daytrader7 has stopped successfully.
[AUDIT   ] CWWKI0002I: The CORBA name server is no longer available at corbaloc:iiop:localhost:2809/NameService.
[AUDIT   ] WTRN0105I: The transaction service has shutdown successfully with no transactions requiring recovery.
[AUDIT   ] CWWKE0036I: The server defaultServer stopped after 1 minutes, 55.269 seconds.
